Removed Pin From Net: NetName=VCC_3_3 Pin=U4-1
Removed Pin From Net: NetName=GND Pin=U4-3
Removed Member From Class: ClassName=power Member=U4
Added Component: Designator=C90(0603)
Add component (AddParameter): Name = "Digi-Key Part Number"; Value = ""; VariantName = "[No Variations]"
Add component (AddParameter): Name = "Manufacturer"; Value = "Generic Ceramic Chip Cap (TBD)"; VariantName = "[No Variations]"
Add component (AddParameter): Name = "Manufacturer Part Number"; Value = ""; VariantName = "[No Variations]"
Add component (AddParameter): Name = "Note"; Value = ""; VariantName = "[No Variations]"
Add component (AddParameter): Name = "Rating"; Value = ""; VariantName = "[No Variations]"
Add component (AddParameter): Name = "Value"; Value = "1uF"; VariantName = "[No Variations]"
Added Component: Designator=R90(0603)
Add component (AddParameter): Name = "Digi-Key Part Number"; Value = ""; VariantName = "[No Variations]"
Add component (AddParameter): Name = "Manufacturer"; Value = "Generic Chip Res (TBD)"; VariantName = "[No Variations]"
Add component (AddParameter): Name = "Manufacturer Part Number"; Value = ""; VariantName = "[No Variations]"
Add component (AddParameter): Name = "Rating"; Value = ""; VariantName = "[No Variations]"
Add component (AddParameter): Name = "Value"; Value = "1kO"; VariantName = "[No Variations]"
Added Component: Designator=R91(0603)
Add component (AddParameter): Name = "Digi-Key Part Number"; Value = ""; VariantName = "[No Variations]"
Add component (AddParameter): Name = "Manufacturer"; Value = "Generic Chip Res (TBD)"; VariantName = "[No Variations]"
Add component (AddParameter): Name = "Manufacturer Part Number"; Value = ""; VariantName = "[No Variations]"
Add component (AddParameter): Name = "Rating"; Value = ""; VariantName = "[No Variations]"
Add component (AddParameter): Name = "Value"; Value = "10O"; VariantName = "[No Variations]"
Added Pin To Net: NetName=GND Pin=C90-2
Added Pin To Net: NetName=GND Pin=R90-1
Added Pin To Net: NetName=NetC90_1 Pin=C90-1
Added Pin To Net: NetName=NetC90_1 Pin=R90-2
Added Pin To Net: NetName=NetC90_1 Pin=R91-1
Added Pin To Net: NetName=NetC90_1 Pin=U3-4
Added Net: Name=NetC90_1
Added Pin To Net: NetName=NetR91_2 Pin=R91-2
Added Pin To Net: NetName=NetR91_2 Pin=U2-3
Added Pin To Net: NetName=NetR91_2 Pin=U3-3
Added Net: Name=NetR91_2
Added Member To Class: ClassName=power Member=Component C90 1nF
Added Member To Class: ClassName=power Member=Component R90 47 Ohm
Added Member To Class: ClassName=power Member=Component R91 47 Ohm
