Change Component Comment: Designator=R2 Old Comment=1k Ohm New Comment=Res
Change Component Comment: Designator=C1 Old Comment=1nF New Comment=Cap
Change Component Comment: Designator=C3 Old Comment=10nF New Comment=Cap
Change Component Comment: Designator=C5 Old Comment=10nF New Comment=Cap
Change Component Comment: Designator=C7 Old Comment=10nF New Comment=Cap
Change Component Comment: Designator=C9 Old Comment=10nF New Comment=Cap
Change Component Comment: Designator=C11 Old Comment=10nF New Comment=Cap
Change Component Comment: Designator=C13 Old Comment=10nF New Comment=Cap
Change Component Comment: Designator=C15 Old Comment=10nF New Comment=Cap
Change Component Comment: Designator=C17 Old Comment=10nF New Comment=Cap
Change Component Comment: Designator=C19 Old Comment=10nF New Comment=Cap
Change Component Comment: Designator=C21 Old Comment=10nF New Comment=Cap
Change Component Comment: Designator=C23 Old Comment=10nF New Comment=Cap
Change Component Comment: Designator=C25 Old Comment=10nF New Comment=Cap
Change Component Comment: Designator=C27 Old Comment=10nF New Comment=Cap
Change Component Comment: Designator=C29 Old Comment=10nF New Comment=Cap
Change Component Comment: Designator=C31 Old Comment=10nF New Comment=Cap
Change Component Comment: Designator=C34 Old Comment=10nF New Comment=Cap
Change Component Comment: Designator=C36 Old Comment=10nF New Comment=Cap
Change Component Comment: Designator=R1 Old Comment=47 Ohm New Comment=Res
Change Component Comment: Designator=C2 Old Comment=100nF New Comment=Cap
Change Component Comment: Designator=C4 Old Comment=100nF New Comment=Cap
Change Component Comment: Designator=C6 Old Comment=100nF New Comment=Cap
Change Component Comment: Designator=C8 Old Comment=100nF New Comment=Cap
Change Component Comment: Designator=C10 Old Comment=100nF New Comment=Cap
Change Component Comment: Designator=C12 Old Comment=100nF New Comment=Cap
Change Component Comment: Designator=C14 Old Comment=100nF New Comment=Cap
Change Component Comment: Designator=C16 Old Comment=100nF New Comment=Cap
Change Component Comment: Designator=C18 Old Comment=100nF New Comment=Cap
Change Component Comment: Designator=C20 Old Comment=100nF New Comment=Cap
Change Component Comment: Designator=C22 Old Comment=100nF New Comment=Cap
Change Component Comment: Designator=C24 Old Comment=100nF New Comment=Cap
Change Component Comment: Designator=C26 Old Comment=100nF New Comment=Cap
Change Component Comment: Designator=C28 Old Comment=100nF New Comment=Cap
Change Component Comment: Designator=C30 Old Comment=100nF New Comment=Cap
Change Component Comment: Designator=C32 Old Comment=100nF New Comment=Cap
Change Component Comment: Designator=C33 Old Comment=100nF New Comment=Cap
Change Component Comment: Designator=C35 Old Comment=100nF New Comment=Cap
Change Component Comment: Designator=LED2 Old Comment=LED green New Comment=LED
Change Component Comment: Designator=LED1 Old Comment=LED red New Comment=LED
Change Component Comment: Designator=U2 Old Comment=LT5534 New Comment=LT55534
