Removed Pin From Net: NetName=PIN13 Pin=P1-1
Removed Pin From Net: NetName=PIN14 Pin=P1-2
Removed Pin From Net: NetName=PIN15 Pin=P1-3
Removed Pin From Net: NetName=PIN16 Pin=P1-4
Removed Pin From Net: NetName=PIN17 Pin=P1-5
Removed Pin From Net: NetName=PIN18 Pin=P1-6
Removed Pin From Net: NetName=PIN19 Pin=P1-7
Removed Pin From Net: NetName=PIN20 Pin=P1-8
Removed Pin From Net: NetName=PIN21 Pin=P1-9
Removed Pin From Net: NetName=PIN22 Pin=P1-10
Removed Pin From Net: NetName=PIN23 Pin=P1-11
Removed Pin From Net: NetName=PIN24 Pin=P1-12
Removed Member From Class: ClassName=io_bank Member=P1
Added Component: Designator=AC1(ADXL362BCCZRL)
Add component. Clean all parameters for all variants
Add component (AddParameter): Name = "Datasheet Link"; Value = "https://componentsearchengine.com//ADXL362BCCZ-RL.pdf"; VariantName = "[No Variations]"
Add component (AddParameter): Name = "Height"; Value = "1.14mm"; VariantName = "[No Variations]"
Add component (AddParameter): Name = "Manufacturer_Name"; Value = "Analog Devices"; VariantName = "[No Variations]"
Add component (AddParameter): Name = "Manufacturer_Part_Number"; Value = "ADXL362BCCZ-RL"; VariantName = "[No Variations]"
Add component (AddParameter): Name = "Mouser2 Part Number"; Value = "584-ADXL362BCCZ-R"; VariantName = "[No Variations]"
Add component (AddParameter): Name = "Mouser2 Price/Stock"; Value = "https://www.mouser.com/Search/Refine.aspx?Keyword=584-ADXL362BCCZ-R"; VariantName = "[No Variations]"
Added Member To Class: ClassName=io_bank Member=Component C24 0.1¦ÌF
