Change Component Footprint: Designator=C1 Old Footprint=0402_C New Footprint=1608[0603]
Change Component Footprint: Designator=C2 Old Footprint=0402_C New Footprint=1608[0603]
Change Component Footprint: Designator=C3 Old Footprint=0402_C New Footprint=1608[0603]
Change Component Footprint: Designator=C4 Old Footprint=0402_C New Footprint=1608[0603]
Change Component Footprint: Designator=C5 Old Footprint=0402_C New Footprint=1608[0603]
Change Component Footprint: Designator=C6 Old Footprint=0402_C New Footprint=1608[0603]
Change Component Footprint: Designator=C7 Old Footprint=0402_C New Footprint=1608[0603]
Change Component Footprint: Designator=C8 Old Footprint=0402_C New Footprint=1608[0603]
Change Component Footprint: Designator=C9 Old Footprint=0402_C New Footprint=1608[0603]
Change Component Footprint: Designator=C10 Old Footprint=0402_C New Footprint=1608[0603]
Change Component Footprint: Designator=C11 Old Footprint=0402_C New Footprint=1608[0603]
Change Component Footprint: Designator=C12 Old Footprint=0402_C New Footprint=1608[0603]
Change Component Footprint: Designator=C13 Old Footprint=0402_C New Footprint=1608[0603]
Change Component Footprint: Designator=C14 Old Footprint=0402_C New Footprint=1608[0603]
Change Component Footprint: Designator=C15 Old Footprint=0402_C New Footprint=1608[0603]
Change Component Footprint: Designator=C16 Old Footprint=0402_C New Footprint=1608[0603]
Change Component Footprint: Designator=C17 Old Footprint=0402_C New Footprint=1608[0603]
Change Component Footprint: Designator=C18 Old Footprint=0402_C New Footprint=1608[0603]
Change Component Footprint: Designator=C19 Old Footprint=0402_C New Footprint=1608[0603]
Change Component Footprint: Designator=C23 Old Footprint=0402_C New Footprint=1608[0603]
Change Component Footprint: Designator=C24 Old Footprint=0402_C New Footprint=1608[0603]
Change Component Footprint: Designator=C25 Old Footprint=0402_C New Footprint=1608[0603]
Change Component Footprint: Designator=C20 Old Footprint=0603 New Footprint=1608[0603]
Change Component Footprint: Designator=C21 Old Footprint=0603 New Footprint=1608[0603]
Change Component Footprint: Designator=C22 Old Footprint=0603 New Footprint=1608[0603]
Change Component Footprint: Designator=C90 Old Footprint=0603 New Footprint=1608[0603]
Change Component Footprint: Designator=R1 Old Footprint=0603 New Footprint=1608[0603]
Change Component Footprint: Designator=R2 Old Footprint=0603 New Footprint=1608[0603]
Change Component Footprint: Designator=R3 Old Footprint=0603 New Footprint=1608[0603]
Change Component Footprint: Designator=R4 Old Footprint=0603 New Footprint=1608[0603]
Change Component Footprint: Designator=R5 Old Footprint=0603 New Footprint=1608[0603]
Change Component Footprint: Designator=R6 Old Footprint=0603 New Footprint=1608[0603]
Change Component Footprint: Designator=R90 Old Footprint=0603 New Footprint=1608[0603]
Change Component Footprint: Designator=R91 Old Footprint=0603 New Footprint=1608[0603]
Change Component Description : Designator=J1 Old Description=45Hz ~ 20kHz Digital, PDM Microphone MEMS (Silicon) 1.62V ~ 3.63V Omnidirectional (-46dB ?±2dB @ 94dB SPL) Solder Pads New Description=45Hz ~ 20kHz Digital, PDM Microphone MEMS (Silicon) 1.62V ~ 3.63V Omnidirectional (-46dB ?±2dB @ 94dB SPL) Solder Pads
Change component parameters: Designator = "DONE1"; Footprint = "0603_LED"; UniqueID = "\NYXQCPVL"
Change component parameters. Clean all parameters for all variants
Change component parameters (AddParameter): Name = "ComponentLink1Description"; Value = "供应商链接"; VariantName = "[No Variations]"
Change component parameters (AddParameter): Name = "ComponentLink1URL"; Value = "http://www.szlcsc.com/product/details_73152.html"; VariantName = "[No Variations]"
Change component parameters (AddParameter): Name = "Notepad"; Value = ""; VariantName = "[No Variations]"
Change component parameters (AddParameter): Name = "Package"; Value = "0603"; VariantName = "[No Variations]"
Change component parameters (AddParameter): Name = "Supplier"; Value = "LC"; VariantName = "[No Variations]"
Change component parameters (AddParameter): Name = "SuppliersPartNumber"; Value = "C72043"; VariantName = "[No Variations]"
Change component parameters: Designator = "DONE2"; Footprint = "0603_LED"; UniqueID = "\GWFOFAKN"
Change component parameters. Clean all parameters for all variants
Change component parameters (AddParameter): Name = "ComponentLink1Description"; Value = "供应商链接"; VariantName = "[No Variations]"
Change component parameters (AddParameter): Name = "ComponentLink1URL"; Value = "http://www.szlcsc.com/product/details_73152.html"; VariantName = "[No Variations]"
Change component parameters (AddParameter): Name = "Notepad"; Value = ""; VariantName = "[No Variations]"
Change component parameters (AddParameter): Name = "Package"; Value = "0603"; VariantName = "[No Variations]"
Change component parameters (AddParameter): Name = "Supplier"; Value = "LC"; VariantName = "[No Variations]"
Change component parameters (AddParameter): Name = "SuppliersPartNumber"; Value = "C72043"; VariantName = "[No Variations]"
Change component parameters: Designator = "PWR1"; Footprint = "0603_LED"; UniqueID = "\XGNBNSAY"
Change component parameters. Clean all parameters for all variants
Change component parameters (AddParameter): Name = "ComponentLink1Description"; Value = "供应商链接"; VariantName = "[No Variations]"
Change component parameters (AddParameter): Name = "ComponentLink1URL"; Value = "http://www.szlcsc.com/product/details_2659.html"; VariantName = "[No Variations]"
Change component parameters (AddParameter): Name = "Notepad"; Value = ""; VariantName = "[No Variations]"
Change component parameters (AddParameter): Name = "Package"; Value = "0603"; VariantName = "[No Variations]"
Change component parameters (AddParameter): Name = "Supplier"; Value = "LC"; VariantName = "[No Variations]"
Change component parameters (AddParameter): Name = "SuppliersPartNumber"; Value = "C2286"; VariantName = "[No Variations]"
Added Member To Class: ClassName=io_bank Member=Component U3 TPS715A01DRBR
