Change Component Designator: OldDesignator=ACC NewDesignator=AC1
Change Component Designator: OldDesignator=HDC2080 NewDesignator=U4
Change Component Designator: OldDesignator=MIC NewDesignator=IC1
Change component parameters: Designator = "DONE1"; Footprint = "0603_LED"; UniqueID = "\NYXQCPVL"
Change component parameters. Clean all parameters for all variants
Change component parameters (AddParameter): Name = "ComponentLink1Description"; Value = "供应商链接"; VariantName = "[No Variations]"
Change component parameters (AddParameter): Name = "ComponentLink1URL"; Value = "http://www.szlcsc.com/product/details_73152.html"; VariantName = "[No Variations]"
Change component parameters (AddParameter): Name = "Notepad"; Value = ""; VariantName = "[No Variations]"
Change component parameters (AddParameter): Name = "Package"; Value = "0603"; VariantName = "[No Variations]"
Change component parameters (AddParameter): Name = "Supplier"; Value = "LC"; VariantName = "[No Variations]"
Change component parameters (AddParameter): Name = "SuppliersPartNumber"; Value = "C72043"; VariantName = "[No Variations]"
Change component parameters: Designator = "DONE2"; Footprint = "0603_LED"; UniqueID = "\GWFOFAKN"
Change component parameters. Clean all parameters for all variants
Change component parameters (AddParameter): Name = "ComponentLink1Description"; Value = "供应商链接"; VariantName = "[No Variations]"
Change component parameters (AddParameter): Name = "ComponentLink1URL"; Value = "http://www.szlcsc.com/product/details_73152.html"; VariantName = "[No Variations]"
Change component parameters (AddParameter): Name = "Notepad"; Value = ""; VariantName = "[No Variations]"
Change component parameters (AddParameter): Name = "Package"; Value = "0603"; VariantName = "[No Variations]"
Change component parameters (AddParameter): Name = "Supplier"; Value = "LC"; VariantName = "[No Variations]"
Change component parameters (AddParameter): Name = "SuppliersPartNumber"; Value = "C72043"; VariantName = "[No Variations]"
Change component parameters: Designator = "PWR1"; Footprint = "0603_LED"; UniqueID = "\XGNBNSAY"
Change component parameters. Clean all parameters for all variants
Change component parameters (AddParameter): Name = "ComponentLink1Description"; Value = "供应商链接"; VariantName = "[No Variations]"
Change component parameters (AddParameter): Name = "ComponentLink1URL"; Value = "http://www.szlcsc.com/product/details_2659.html"; VariantName = "[No Variations]"
Change component parameters (AddParameter): Name = "Notepad"; Value = ""; VariantName = "[No Variations]"
Change component parameters (AddParameter): Name = "Package"; Value = "0603"; VariantName = "[No Variations]"
Change component parameters (AddParameter): Name = "Supplier"; Value = "LC"; VariantName = "[No Variations]"
Change component parameters (AddParameter): Name = "SuppliersPartNumber"; Value = "C2286"; VariantName = "[No Variations]"
Added Member To Class: ClassName=io_bank Member=Component C24 0.1μF
Added Member To Class: ClassName=io_bank Member=Component P1 Header 6
